2025-05-07 16:44:58 [INFO]: Server running on port 3000
2025-05-07 16:45:15 [INFO]: Verifying token for user, Token: present
2025-05-07 16:45:15 [INFO]: Token verified successfully for user: [object Object]
2025-05-07 16:45:15 [INFO]: Checking role for user: 680b0d2b4f9904c610769730, Role: Admin
2025-05-07 16:45:15 [INFO]: Access granted for user: 680b0d2b4f9904c610769730, Role: Admin
2025-05-07 16:45:15 [INFO]: Validation passed for params in request: GET /api/category/6813344bf06aaf25d615ae76
2025-05-07 16:45:15 [INFO]: Fetching category | Additional Data: {"categoryid":"6813344bf06aaf25d615ae76"}
2025-05-07 16:45:15 [INFO]: Category read successful | Additional Data: {"result":{"name":"check1","description":"check1","parentId":""}}
2025-05-07 16:45:15 [HTTP]: GET /api/category/6813344bf06aaf25d615ae76 200 115 - 90.207 ms
2025-05-07 16:48:27 [INFO]: Server and DB connection closed
2025-05-07 16:48:30 [INFO]: Server running on port 3000
2025-05-07 16:48:34 [INFO]: Attempting to upload images
2025-05-07 16:48:38 [INFO]: Images uploaded successfully.Data: {"links":[{"image_1":"https://res.cloudinary.com/dyhju2mcs/image/upload/v1746615819/uploads/ecuajbusywebygzrlej9.jpg"}]}
2025-05-07 16:48:38 [INFO]: Uploaded 1 image(s) successfully
2025-05-07 16:48:38 [HTTP]: POST /api/mail/image 200 163 - 4353.014 ms
2025-05-07 16:49:52 [INFO]: Server and DB connection closed
2025-05-07 16:56:38 [INFO]: Server running on port 3000
2025-05-07 16:56:44 [INFO]: Verifying token for user, Token: present
2025-05-07 16:56:44 [INFO]: Token verified successfully for user: [object Object]
2025-05-07 16:56:44 [INFO]: Checking role for user: 680b0d2b4f9904c610769730, Role: Admin
2025-05-07 16:56:44 [INFO]: Access granted for user: 680b0d2b4f9904c610769730, Role: Admin
2025-05-07 16:56:44 [INFO]: Validation passed for params in request: GET /api/category/6813344bf06aaf25x615ae76
2025-05-07 16:56:44 [INFO]: Fetching category| Data: {"categoryid":"6813344bf06aaf25x615ae76"}
2025-05-07 16:56:44 [ERROR]: Error fetching category with ID: 6813344bf06aaf25x615ae76
2025-05-07 16:56:44 [ERROR]: Error reading category Cast to ObjectId failed for value "6813344bf06aaf25x615ae76" (type string) at path "_id" for model "Category"
CastError: Cast to ObjectId failed for value "6813344bf06aaf25x615ae76" (type string) at path "_id" for model "Category"
    at SchemaObjectId.cast (C:\Users\kosul\Desktop\Ecommerce\Backend\node_modules\mongoose\lib\schema\objectId.js:251:11)
    at SchemaType.applySetters (C:\Users\kosul\Desktop\Ecommerce\Backend\node_modules\mongoose\lib\schemaType.js:1255:12)
    at SchemaType.castForQuery (C:\Users\kosul\Desktop\Ecommerce\Backend\node_modules\mongoose\lib\schemaType.js:1673:17)
    at cast (C:\Users\kosul\Desktop\Ecommerce\Backend\node_modules\mongoose\lib\cast.js:390:32)
    at Query.cast (C:\Users\kosul\Desktop\Ecommerce\Backend\node_modules\mongoose\lib\query.js:4907:12)
    at Query._castConditions (C:\Users\kosul\Desktop\Ecommerce\Backend\node_modules\mongoose\lib\query.js:2325:10)
    at model.Query._findOne (C:\Users\kosul\Desktop\Ecommerce\Backend\node_modules\mongoose\lib\query.js:2648:8)
    at model.Query.exec (C:\Users\kosul\Desktop\Ecommerce\Backend\node_modules\mongoose\lib\query.js:4456:80)
    at process.processTicksAndRejections (node:internal/process/task_queues:105:5)
    at async CategoryRepository.findOne (C:\Users\kosul\Desktop\Ecommerce\Backend\src\repositories\baseRepository.ts:18:14)| Data: {"stringValue":"\"6813344bf06aaf25x615ae76\"","kind":"ObjectId","value":"6813344bf06aaf25x615ae76","path":"_id","reason":{},"valueType":"string"}
2025-05-07 16:56:44 [HTTP]: GET /api/category/6813344bf06aaf25x615ae76 500 177 - 11.413 ms
2025-05-07 16:57:41 [INFO]: Verifying token for user, Token: present
2025-05-07 16:57:41 [INFO]: Token verified successfully for user: [object Object]
2025-05-07 16:57:41 [INFO]: Checking role for user: 680b0d2b4f9904c610769730, Role: Admin
2025-05-07 16:57:41 [INFO]: Access granted for user: 680b0d2b4f9904c610769730, Role: Admin
2025-05-07 16:57:41 [INFO]: Validation passed for params in request: GET /api/category/6813344bf06aaf25d615ae76
2025-05-07 16:57:41 [INFO]: Fetching category| Data: {"categoryid":"6813344bf06aaf25d615ae76"}
2025-05-07 16:57:41 [INFO]: Category read successful| Data: {"result":{"name":"check1","description":"check1","parentId":""}}
2025-05-07 16:57:41 [HTTP]: GET /api/category/6813344bf06aaf25d615ae76 200 115 - 69.461 ms
2025-05-07 16:57:46 [INFO]: Verifying token for user, Token: present
2025-05-07 16:57:46 [INFO]: Token verified successfully for user: [object Object]
2025-05-07 16:57:46 [INFO]: Checking role for user: 680b0d2b4f9904c610769730, Role: Admin
2025-05-07 16:57:46 [INFO]: Access granted for user: 680b0d2b4f9904c610769730, Role: Admin
2025-05-07 16:57:46 [INFO]: Validation passed for params in request: GET /api/category/6813344bf06aaf25d615ae70
2025-05-07 16:57:46 [INFO]: Fetching category| Data: {"categoryid":"6813344bf06aaf25d615ae70"}
2025-05-07 16:57:46 [WARN]: Category with ID: 6813344bf06aaf25d615ae70 not found
2025-05-07 16:57:46 [ERROR]: Error fetching category with ID: 6813344bf06aaf25d615ae70
2025-05-07 16:57:46 [ERROR]: Error reading category Failed to find category
Error: Failed to find category
    at CategoryService.readCategory (C:\Users\kosul\Desktop\Ecommerce\Backend\src\services\categoryServices.ts:93:23)
    at process.processTicksAndRejections (node:internal/process/task_queues:105:5)
    at async readCategory (C:\Users\kosul\Desktop\Ecommerce\Backend\src\controllers\categoryController.ts:66:22)| Data: {"statusCode":500}
2025-05-07 16:57:46 [HTTP]: GET /api/category/6813344bf06aaf25d615ae70 500 85 - 129.848 ms
2025-05-07 17:11:49 [INFO]: Server and DB connection closed
2025-05-07 18:09:23 [INFO]: Server running on port 3000
2025-05-07 18:09:30 [INFO]: Attempting to create pdf
2025-05-07 18:09:31 [INFO]: Generating pdf buffer
2025-05-07 18:09:36 [INFO]: Uploaded pdf successfully
2025-05-07 18:09:36 [INFO]: PDF created successfully
2025-05-07 18:09:36 [HTTP]: POST /api/mail 200 158 - 5087.622 ms
