2025-05-07 13:24:40 [ERROR]: Error fetching product with id: 68133ba4825f101f749a6d52
2025-05-07 13:26:51 [ERROR]: Error fetching product with id: 68133ba4825f101f749a6d52
2025-05-07 13:29:08 [ERROR]: Error fetching product with id: 68133ba4825f101f749a6d52
2025-05-07 13:30:18 [ERROR]: Error fetching product with id: 68133ba4825f101f749a6d52 No Products found
Error: No Products found
    at ProductServices.getProductById (C:\Users\kosul\Desktop\Ecommerce\Backend\src\services\productServices.ts:111:23)
    at process.processTicksAndRejections (node:internal/process/task_queues:105:5)
    at async getProductById (C:\Users\kosul\Desktop\Ecommerce\Backend\src\controllers\productController.ts:75:20)
2025-05-07 13:40:32 [ERROR]: Error fetching product with id: 68133ba4825f101f749a6d52 No Products found
Error: No Products found
    at ProductServices.getProductById (C:\Users\kosul\Desktop\Ecommerce\Backend\src\services\productServices.ts:111:23)
    at process.processTicksAndRejections (node:internal/process/task_queues:105:5)
    at async getProductById (C:\Users\kosul\Desktop\Ecommerce\Backend\src\controllers\productController.ts:75:20)
2025-05-07 13:40:32 [ERROR]: Error with status code 404 No Products found
Error: No Products found
    at ProductServices.getProductById (C:\Users\kosul\Desktop\Ecommerce\Backend\src\services\productServices.ts:111:23)
    at process.processTicksAndRejections (node:internal/process/task_queues:105:5)
    at async getProductById (C:\Users\kosul\Desktop\Ecommerce\Backend\src\controllers\productController.ts:75:20)
2025-05-07 13:40:32 [ERROR]: Error occurred No Products found
Error: No Products found
    at ProductServices.getProductById (C:\Users\kosul\Desktop\Ecommerce\Backend\src\services\productServices.ts:111:23)
    at process.processTicksAndRejections (node:internal/process/task_queues:105:5)
    at async getProductById (C:\Users\kosul\Desktop\Ecommerce\Backend\src\controllers\productController.ts:75:20)
2025-05-07 13:41:04 [ERROR]: Error fetching product with id: 68133ba4825f101f749a6d52 No Products found
Error: No Products found
    at ProductServices.getProductById (C:\Users\kosul\Desktop\Ecommerce\Backend\src\services\productServices.ts:111:23)
    at process.processTicksAndRejections (node:internal/process/task_queues:105:5)
    at async getProductById (C:\Users\kosul\Desktop\Ecommerce\Backend\src\controllers\productController.ts:75:20)
2025-05-07 13:41:04 [ERROR]: Error with status code 404 No Products found
Error: No Products found
    at ProductServices.getProductById (C:\Users\kosul\Desktop\Ecommerce\Backend\src\services\productServices.ts:111:23)
    at process.processTicksAndRejections (node:internal/process/task_queues:105:5)
    at async getProductById (C:\Users\kosul\Desktop\Ecommerce\Backend\src\controllers\productController.ts:75:20)
2025-05-07 13:41:04 [ERROR]: Error occurred No Products found
Error: No Products found
    at ProductServices.getProductById (C:\Users\kosul\Desktop\Ecommerce\Backend\src\services\productServices.ts:111:23)
    at process.processTicksAndRejections (node:internal/process/task_queues:105:5)
    at async getProductById (C:\Users\kosul\Desktop\Ecommerce\Backend\src\controllers\productController.ts:75:20)
2025-05-07 13:41:29 [ERROR]: Error fetching product with id: 68133ba4825f101f749a6d52 No Products found
Error: No Products found
    at ProductServices.getProductById (C:\Users\kosul\Desktop\Ecommerce\Backend\src\services\productServices.ts:111:23)
    at process.processTicksAndRejections (node:internal/process/task_queues:105:5)
    at async getProductById (C:\Users\kosul\Desktop\Ecommerce\Backend\src\controllers\productController.ts:75:20)
2025-05-07 13:41:29 [ERROR]: Error with status code 404 No Products found
Error: No Products found
    at ProductServices.getProductById (C:\Users\kosul\Desktop\Ecommerce\Backend\src\services\productServices.ts:111:23)
    at process.processTicksAndRejections (node:internal/process/task_queues:105:5)
    at async getProductById (C:\Users\kosul\Desktop\Ecommerce\Backend\src\controllers\productController.ts:75:20)
2025-05-07 13:41:29 [ERROR]: Error occurred No Products found
Error: No Products found
    at ProductServices.getProductById (C:\Users\kosul\Desktop\Ecommerce\Backend\src\services\productServices.ts:111:23)
    at process.processTicksAndRejections (node:internal/process/task_queues:105:5)
    at async getProductById (C:\Users\kosul\Desktop\Ecommerce\Backend\src\controllers\productController.ts:75:20)
2025-05-07 13:41:49 [ERROR]: Error fetching product with id: 68133ba4825f101f749a6d52 No Products found
Error: No Products found
    at ProductServices.getProductById (C:\Users\kosul\Desktop\Ecommerce\Backend\src\services\productServices.ts:111:23)
    at process.processTicksAndRejections (node:internal/process/task_queues:105:5)
    at async getProductById (C:\Users\kosul\Desktop\Ecommerce\Backend\src\controllers\productController.ts:75:20)
2025-05-07 13:56:57 [ERROR]: Error during seller sign in JWT_SECRET_KEY is not defined in the environment variables
Error: JWT_SECRET_KEY is not defined in the environment variables
    at AuthServices.generateToken (C:\Users\kosul\Desktop\Ecommerce\Backend\src\services\authServices.ts:17:13)
    at SellerServices.signIn (C:\Users\kosul\Desktop\Ecommerce\Backend\src\services\sellerServices.ts:151:33)
    at async signIn (C:\Users\kosul\Desktop\Ecommerce\Backend\src\controllers\sellerController.ts:76:33)
2025-05-07 13:57:13 [ERROR]: Error during seller signup Username is already taken
Error: Username is already taken
    at SellerServices.signUp (C:\Users\kosul\Desktop\Ecommerce\Backend\src\services\sellerServices.ts:93:23)
    at process.processTicksAndRejections (node:internal/process/task_queues:105:5)
    at async signUp (C:\Users\kosul\Desktop\Ecommerce\Backend\src\controllers\sellerController.ts:52:33)
2025-05-07 13:58:34 [ERROR]: Error during seller signup Username is already taken
Error: Username is already taken
    at SellerServices.signUp (C:\Users\kosul\Desktop\Ecommerce\Backend\src\services\sellerServices.ts:93:23)
    at process.processTicksAndRejections (node:internal/process/task_queues:105:5)
    at async signUp (C:\Users\kosul\Desktop\Ecommerce\Backend\src\controllers\sellerController.ts:52:33)
2025-05-07 14:13:15 [ERROR]: User creation failed due to duplicate data User already exists
Error: User already exists
    at UserServices.signUp (C:\Users\kosul\Desktop\Ecommerce\Backend\src\services\userServices.ts:72:23)
    at process.processTicksAndRejections (node:internal/process/task_queues:105:5)
    at async signUp (C:\Users\kosul\Desktop\Ecommerce\Backend\src\controllers\userController.ts:19:20)
2025-05-07 14:13:15 [ERROR]: Error during sign-up process User already exists
Error: User already exists
    at UserServices.signUp (C:\Users\kosul\Desktop\Ecommerce\Backend\src\services\userServices.ts:72:23)
    at process.processTicksAndRejections (node:internal/process/task_queues:105:5)
    at async signUp (C:\Users\kosul\Desktop\Ecommerce\Backend\src\controllers\userController.ts:19:20)
2025-05-07 14:13:15 [ERROR]: Signup failed for kosulg22 User already exists
Error: User already exists
    at UserServices.signUp (C:\Users\kosul\Desktop\Ecommerce\Backend\src\services\userServices.ts:72:23)
    at process.processTicksAndRejections (node:internal/process/task_queues:105:5)
    at async signUp (C:\Users\kosul\Desktop\Ecommerce\Backend\src\controllers\userController.ts:19:20)
2025-05-07 14:15:41 [ERROR]: Failed to sign up seller Username is already taken
Error: Username is already taken
    at SellerServices.signUp (C:\Users\kosul\Desktop\Ecommerce\Backend\src\services\sellerServices.ts:102:23)
    at process.processTicksAndRejections (node:internal/process/task_queues:105:5)
    at async signUp (C:\Users\kosul\Desktop\Ecommerce\Backend\src\controllers\sellerController.ts:52:33)
2025-05-07 14:15:41 [ERROR]: Error during seller signup Username is already taken
Error: Username is already taken
    at SellerServices.signUp (C:\Users\kosul\Desktop\Ecommerce\Backend\src\services\sellerServices.ts:102:23)
    at process.processTicksAndRejections (node:internal/process/task_queues:105:5)
    at async signUp (C:\Users\kosul\Desktop\Ecommerce\Backend\src\controllers\sellerController.ts:52:33)
2025-05-07 14:16:00 [ERROR]: Failed to sign in seller Signin failed. Incorrect password
Error: Signin failed. Incorrect password
    at SellerServices.signIn (C:\Users\kosul\Desktop\Ecommerce\Backend\src\services\sellerServices.ts:152:23)
    at async signIn (C:\Users\kosul\Desktop\Ecommerce\Backend\src\controllers\sellerController.ts:76:33)
2025-05-07 14:16:00 [ERROR]: Error during seller sign in Signin failed. Incorrect password
Error: Signin failed. Incorrect password
    at SellerServices.signIn (C:\Users\kosul\Desktop\Ecommerce\Backend\src\services\sellerServices.ts:152:23)
    at async signIn (C:\Users\kosul\Desktop\Ecommerce\Backend\src\controllers\sellerController.ts:76:33)
2025-05-07 15:04:43 [ERROR]: Error updating category with ID: 68185b02a8771c2e5ea172e0
2025-05-07 15:04:43 [ERROR]: Error updating category Category already exists
Error: Category already exists
    at CategoryService.updateCategory (C:\Users\kosul\Desktop\Ecommerce\Backend\src\services\categoryServices.ts:121:25)
    at process.processTicksAndRejections (node:internal/process/task_queues:105:5)
    at async updateCategory (C:\Users\kosul\Desktop\Ecommerce\Backend\src\controllers\categoryController.ts:89:22)
2025-05-07 15:05:24 [ERROR]: Error fetching category with ID: 681334e5f06aaf25d615ae7d
2025-05-07 15:05:24 [ERROR]: Error deleting category with ID: 681334e5f06aaf25d615ae7d
2025-05-07 15:05:24 [ERROR]: Error deleting category Failed to find category
Error: Failed to find category
    at CategoryService.readCategory (C:\Users\kosul\Desktop\Ecommerce\Backend\src\services\categoryServices.ts:93:23)
    at process.processTicksAndRejections (node:internal/process/task_queues:105:5)
    at async CategoryService.deleteCategory (C:\Users\kosul\Desktop\Ecommerce\Backend\src\services\categoryServices.ts:158:24)
    at async deleteCategory (C:\Users\kosul\Desktop\Ecommerce\Backend\src\controllers\categoryController.ts:114:22)
